<?xml version="1.0" encoding="UTF-8"?>
<!-- Generated by org.testng.reporters.JUnitReportReporter -->
<testsuite hostname="student-virtual-machine" name="droid_backend.AppTest" tests="1" failures="0" timestamp="3 Sep 2016 00:03:00 GMT" time="0.002" errors="0">
  <testcase name="testApp" time="0.002" classname="droid_backend.AppTest"/>
</testsuite> <!-- droid_backend.AppTest -->
